<?xml version="1.0" encoding="UTF-8"?>
<!-- Generated by org.testng.reporters.JUnitReportReporter -->
<testsuite hostname="jaykishore-PC" failures="0" tests="3" name="rahulShettyTest.test.submitOrderTest" time="79.231" errors="0" timestamp="2024-02-06T22:05:31 GMT-05:00" skipped="0">
  <testcase classname="rahulShettyTest.test.submitOrderTest" name="SubmitOrder" time="26.786"/>
  <testcase classname="rahulShettyTest.test.submitOrderTest" name="SubmitOrder" time="25.948"/>
  <testcase classname="rahulShettyTest.test.submitOrderTest" name="OrderHistoryTest" time="26.497"/>
</testsuite> <!-- rahulShettyTest.test.submitOrderTest -->
